Removed Pin From Net: NetName=M4+ Pin=P?-1
Removed Pin From Net: NetName=SDA/TX Pin=P?-2
Removed Pin From Net: NetName=M4_ENC2 Pin=R?-1
Removed Pin From Net: NetName=NetR?_2 Pin=R?-2
Removed Pin From Net: NetName=NetR?_2 Pin=SW?-2
Removed Pin From Net: NetName=M3+ Pin=U?-3
Removed Pin From Net: NetName=M3- Pin=U?-4
Removed Pin From Net: NetName=M4- Pin=U?-5
Removed Pin From Net: NetName=M4+ Pin=U?-6
Removed Pin From Net: NetName=M4_PWM Pin=U?-10
Removed Pin From Net: NetName=M4_DIR2 Pin=U?-11
Removed Pin From Net: NetName=M4_DIR1 Pin=U?-12
Removed Pin From Net: NetName=M3_DIR2 Pin=U?-14
Removed Pin From Net: NetName=M3_DIR1 Pin=U?-15
Removed Pin From Net: NetName=M3_PWM Pin=U?-16
Added Pin To Net: NetName=NetL?_2 Pin=L?-2
Added Pin To Net: NetName=NetL?_2 Pin=L?-2
Added Pin To Net: NetName=NetL?_2 Pin=L?-2
Added Pin To Net: NetName=+5V_1 Pin=P?-1
Added Pin To Net: NetName=+5V_1 Pin=P?-1
Added Pin To Net: NetName=+5V_1 Pin=P?-1
Added Pin To Net: NetName=M1+ Pin=P?-1
Added Pin To Net: NetName=M2+ Pin=P?-1
Added Pin To Net: NetName=M3+ Pin=P?-1
Added Pin To Net: NetName=M4+ Pin=P?-1
Added Pin To Net: NetName=M1- Pin=P?-2
Added Pin To Net: NetName=M2- Pin=P?-2
Added Pin To Net: NetName=M3- Pin=P?-2
Added Pin To Net: NetName=M4- Pin=P?-2
Added Pin To Net: NetName=NetL?_2 Pin=P?-2
Added Pin To Net: NetName=PAUSE_DIGITAL Pin=P?-2
Added Pin To Net: NetName=SCL/RX Pin=P?-2
Added Pin To Net: NetName=SDA/TX Pin=P?-2
Added Pin To Net: NetName=GND Pin=Q?-2
Added Pin To Net: NetName=+3V3_1 Pin=R?-1
Added Pin To Net: NetName=+3V3_1 Pin=R?-1
Added Pin To Net: NetName=+5V_1 Pin=R?-1
Added Pin To Net: NetName=+5V_1 Pin=R?-1
Added Pin To Net: NetName=+5V_1 Pin=R?-1
Added Pin To Net: NetName=+5V_1 Pin=R?-1
Added Pin To Net: NetName=+5V_1 Pin=R?-1
Added Pin To Net: NetName=+5V_1 Pin=R?-1
Added Pin To Net: NetName=M1_ENC1 Pin=R?-1
Added Pin To Net: NetName=M1_ENC2 Pin=R?-1
Added Pin To Net: NetName=M2_ENC1 Pin=R?-1
Added Pin To Net: NetName=M2_ENC2 Pin=R?-1
Added Pin To Net: NetName=M3_ENC1 Pin=R?-1
Added Pin To Net: NetName=M3_ENC2 Pin=R?-1
Added Pin To Net: NetName=M4_ENC1 Pin=R?-1
Added Pin To Net: NetName=M4_ENC2 Pin=R?-1
Added Pin To Net: NetName=NetL?_1 Pin=R?-2
Added Pin To Net: NetName=NetP?_5 Pin=R?-2
Added Pin To Net: NetName=NetP?_6 Pin=R?-2
Added Pin To Net: NetName=NetR?_2 Pin=R?-2
Added Pin To Net: NetName=GND Pin=SW?-1
Added Pin To Net: NetName=NetR?_2 Pin=SW?-2
Added Pin To Net: NetName=GND Pin=U?-1
Added Pin To Net: NetName=+3V3_1 Pin=U?-2
Added Pin To Net: NetName=M1+ Pin=U?-3
Added Pin To Net: NetName=M3+ Pin=U?-3
Added Pin To Net: NetName=M1- Pin=U?-4
Added Pin To Net: NetName=M3- Pin=U?-4
Added Pin To Net: NetName=M2- Pin=U?-5
Added Pin To Net: NetName=M4- Pin=U?-5
Added Pin To Net: NetName=M2+ Pin=U?-6
Added Pin To Net: NetName=M4+ Pin=U?-6
Added Pin To Net: NetName=VIN Pin=U?-7
Added Pin To Net: NetName=M2_PWM Pin=U?-10
Added Pin To Net: NetName=M4_PWM Pin=U?-10
Added Pin To Net: NetName=M2_DIR2 Pin=U?-11
Added Pin To Net: NetName=M4_DIR2 Pin=U?-11
Added Pin To Net: NetName=M2_DIR1 Pin=U?-12
Added Pin To Net: NetName=M4_DIR1 Pin=U?-12
Added Pin To Net: NetName=STBY Pin=U?-13
Added Pin To Net: NetName=M1_DIR2 Pin=U?-14
Added Pin To Net: NetName=M3_DIR2 Pin=U?-14
Added Pin To Net: NetName=M1_DIR1 Pin=U?-15
Added Pin To Net: NetName=M3_DIR1 Pin=U?-15
Added Pin To Net: NetName=M1_PWM Pin=U?-16
Added Pin To Net: NetName=M3_PWM Pin=U?-16
