Removed Pin From Net: NetName=SCL Pin=P12-1
Removed Pin From Net: NetName=RX Pin=P12-3
Removed Pin From Net: NetName=SDA Pin=P13-1
Removed Pin From Net: NetName=TX Pin=P13-3
Added Pin To Net: NetName=SDA Pin=MLX1-3
Added Pin To Net: NetName=SCL Pin=MLX1-4
Added Pin To Net: NetName=SDA Pin=MLX2-3
Added Pin To Net: NetName=SCL Pin=MLX2-4
Added Pin To Net: NetName=SDA Pin=MLX3-3
Added Pin To Net: NetName=SCL Pin=MLX3-4
Added Pin To Net: NetName=SDA Pin=MLX4-3
Added Pin To Net: NetName=SCL Pin=MLX4-4
Added Pin To Net: NetName=SDA Pin=MLX5-3
Added Pin To Net: NetName=SCL Pin=MLX5-4
Added Pin To Net: NetName=SDA Pin=MLX6-3
Added Pin To Net: NetName=SCL Pin=MLX6-4
Added Pin To Net: NetName=SDA Pin=MLX7-3
Added Pin To Net: NetName=SCL Pin=MLX7-4
Added Pin To Net: NetName=SDA Pin=MLX8-3
Added Pin To Net: NetName=SCL Pin=MLX8-4
Added Pin To Net: NetName=RX Pin=P7-4
Added Pin To Net: NetName=TX Pin=P7-5
Added Pin To Net: NetName=SCL Pin=R1-1
Added Pin To Net: NetName=SDA Pin=R2-1
Added Pin To Net: NetName=TX Pin=R10-2
Added Pin To Net: NetName=SDA Pin=U4-27
Added Pin To Net: NetName=SCL Pin=U4-28
Added Pin To Net: NetName=RX Pin=U4-30
Added Pin To Net: NetName=TX Pin=U4-31
