Added Component: Designator=C1(6-0805_N)
Added Component: Designator=C2(6-0805_N)
Added Component: Designator=C3(6-0805_N)
Added Component: Designator=C4(6-0805_N)
Added Component: Designator=C5(6-0805_N)
Added Component: Designator=C6(6-0805_N)
Added Component: Designator=C7(6-0805_N)
Added Component: Designator=C8(6-0805_N)
Added Component: Designator=C9(6-0805_N)
Added Component: Designator=C10(6-0805_N)
Added Component: Designator=C11(6-0805_N)
Added Component: Designator=C12(6-0805_N)
Added Component: Designator=C13(6-0805_N)
Added Component: Designator=C15(6-0805_N)
Added Component: Designator=E1(PIN1)
Added Component: Designator=L1(LED0805)
Added Component: Designator=L2(LED0805)
Added Component: Designator=P1(HDR1X3H)
Added Component: Designator=P3(HDR1X3H)
Added Component: Designator=P5(HDR1X2)
Added Component: Designator=P6(HDR1X3)
Added Component: Designator=P7(HDR1X6)
Added Component: Designator=Q1(SOT23)
Added Component: Designator=R13(RES1206)
Added Component: Designator=U2(M08A_L)
Added Component: Designator=U3(751-02_N)
Added Component: Designator=U4(32A_N)
Added Component: Designator=U5(MP04A_N)
Added Component: Designator=U6(MP04A_N)
Added Component: Designator=U8(MP04A_N)
Added Pin To Net: NetName=+3V3_1 Pin=C13-2
Added Pin To Net: NetName=+3V3_1 Pin=P1-1
Added Pin To Net: NetName=+3V3_1 Pin=U6-2
Added Pin To Net: NetName=+3V3_1 Pin=U6-4
Added Net: Name=+3V3_1
Added Net: Name=+3V3_DUE
Added Pin To Net: NetName=+5V_1 Pin=C8-2
Added Pin To Net: NetName=+5V_1 Pin=C11-2
Added Pin To Net: NetName=+5V_1 Pin=C12-2
Added Pin To Net: NetName=+5V_1 Pin=P5-1
Added Pin To Net: NetName=+5V_1 Pin=U2-4
Added Pin To Net: NetName=+5V_1 Pin=U2-8
Added Pin To Net: NetName=+5V_1 Pin=U3-8
Added Pin To Net: NetName=+5V_1 Pin=U4-4
Added Pin To Net: NetName=+5V_1 Pin=U4-6
Added Pin To Net: NetName=+5V_1 Pin=U4-18
Added Pin To Net: NetName=+5V_1 Pin=U5-2
Added Pin To Net: NetName=+5V_1 Pin=U5-4
Added Net: Name=+5V_1
Added Pin To Net: NetName=+5V_IR Pin=C15-2
Added Pin To Net: NetName=+5V_IR Pin=U8-2
Added Pin To Net: NetName=+5V_IR Pin=U8-4
Added Net: Name=+5V_IR
Added Pin To Net: NetName=A0 Pin=U4-23
Added Net: Name=A0
Added Pin To Net: NetName=A1 Pin=U4-24
Added Net: Name=A1
Added Pin To Net: NetName=A2 Pin=U4-25
Added Net: Name=A2
Added Pin To Net: NetName=A3 Pin=U4-26
Added Net: Name=A3
Added Pin To Net: NetName=A4 Pin=U4-27
Added Net: Name=A4
Added Pin To Net: NetName=A5 Pin=U4-28
Added Net: Name=A5
Added Pin To Net: NetName=A6 Pin=U4-19
Added Net: Name=A6
Added Pin To Net: NetName=A7 Pin=U4-22
Added Net: Name=A7
Added Pin To Net: NetName=BUSY Pin=R13-2
Added Pin To Net: NetName=BUSY Pin=U4-12
Added Net: Name=BUSY
Added Pin To Net: NetName=COM Pin=U4-11
Added Net: Name=COM
Added Net: Name=DB0
Added Net: Name=DB1
Added Net: Name=DB2
Added Net: Name=DB3
Added Net: Name=DB4
Added Net: Name=DB5
Added Net: Name=DB6
Added Net: Name=DB7
Added Net: Name=DB8
Added Net: Name=DB9
Added Net: Name=DB10
Added Net: Name=DB11
Added Net: Name=DB12
Added Net: Name=DB13
Added Net: Name=DB14
Added Net: Name=DB15
Added Pin To Net: NetName=DTR Pin=C7-2
Added Pin To Net: NetName=DTR Pin=P7-6
Added Net: Name=DTR
Added Pin To Net: NetName=EN Pin=U4-10
Added Net: Name=EN
Added Pin To Net: NetName=GND Pin=C1-1
Added Pin To Net: NetName=GND Pin=C2-1
Added Pin To Net: NetName=GND Pin=C3-1
Added Pin To Net: NetName=GND Pin=C4-1
Added Pin To Net: NetName=GND Pin=C5-1
Added Pin To Net: NetName=GND Pin=C6-1
Added Pin To Net: NetName=GND Pin=C8-1
Added Pin To Net: NetName=GND Pin=C9-2
Added Pin To Net: NetName=GND Pin=C10-2
Added Pin To Net: NetName=GND Pin=C11-1
Added Pin To Net: NetName=GND Pin=C12-1
Added Pin To Net: NetName=GND Pin=C13-1
Added Pin To Net: NetName=GND Pin=C15-1
Added Pin To Net: NetName=GND Pin=L1-2
Added Pin To Net: NetName=GND Pin=L2-2
Added Pin To Net: NetName=GND Pin=P1-3
Added Pin To Net: NetName=GND Pin=P3-3
Added Pin To Net: NetName=GND Pin=P7-1
Added Pin To Net: NetName=GND Pin=P7-2
Added Pin To Net: NetName=GND Pin=Q1-2
Added Pin To Net: NetName=GND Pin=U2-1
Added Pin To Net: NetName=GND Pin=U3-4
Added Pin To Net: NetName=GND Pin=U4-3
Added Pin To Net: NetName=GND Pin=U4-5
Added Pin To Net: NetName=GND Pin=U4-21
Added Pin To Net: NetName=GND Pin=U5-1
Added Pin To Net: NetName=GND Pin=U6-1
Added Pin To Net: NetName=GND Pin=U8-1
Added Net: Name=GND
Added Net: Name=LCD_CS
Added Net: Name=LCD_RESET
Added Net: Name=LCD_RS
Added Net: Name=LCD_WR
Added Pin To Net: NetName=MISO Pin=U4-16
Added Net: Name=MISO
Added Pin To Net: NetName=MOSI Pin=U4-15
Added Net: Name=MOSI
Added Net: Name=Net*_52
Added Net: Name=Net*_RESET
Added Net: Name=Net*_VIN
Added Pin To Net: NetName=NetC1_2 Pin=C1-2
Added Net: Name=NetC1_2
Added Pin To Net: NetName=NetC2_2 Pin=C2-2
Added Net: Name=NetC2_2
Added Pin To Net: NetName=NetC3_2 Pin=C3-2
Added Pin To Net: NetName=NetC3_2 Pin=U2-5
Added Net: Name=NetC3_2
Added Pin To Net: NetName=NetC6_2 Pin=C6-2
Added Pin To Net: NetName=NetC6_2 Pin=U4-20
Added Net: Name=NetC6_2
Added Pin To Net: NetName=NetC9_1 Pin=C9-1
Added Pin To Net: NetName=NetC9_1 Pin=U4-7
Added Net: Name=NetC9_1
Added Pin To Net: NetName=NetC10_1 Pin=C10-1
Added Pin To Net: NetName=NetC10_1 Pin=U4-8
Added Net: Name=NetC10_1
Added Pin To Net: NetName=NetE1_1 Pin=E1-1
Added Pin To Net: NetName=NetE1_1 Pin=U2-2
Added Pin To Net: NetName=NetE1_1 Pin=U2-6
Added Net: Name=NetE1_1
Added Pin To Net: NetName=NetL1_1 Pin=L1-1
Added Net: Name=NetL1_1
Added Pin To Net: NetName=NetL2_1 Pin=L2-1
Added Pin To Net: NetName=NetL2_1 Pin=R13-1
Added Net: Name=NetL2_1
Added Pin To Net: NetName=NetP1_2 Pin=P1-2
Added Net: Name=NetP1_2
Added Pin To Net: NetName=NetP3_2 Pin=P3-2
Added Net: Name=NetP3_2
Added Pin To Net: NetName=NetP4_2 Pin=U3-3
Added Net: Name=NetP4_2
Added Pin To Net: NetName=NetP6_2 Pin=P6-2
Added Pin To Net: NetName=NetP6_2 Pin=U3-2
Added Net: Name=NetP6_2
Added Pin To Net: NetName=NetQ1_1 Pin=Q1-1
Added Net: Name=NetQ1_1
Added Pin To Net: NetName=NetQ1_3 Pin=Q1-3
Added Net: Name=NetQ1_3
Added Pin To Net: NetName=NetR3_1 Pin=U2-7
Added Net: Name=NetR3_1
Added Pin To Net: NetName=NetR5_2 Pin=U2-3
Added Net: Name=NetR5_2
Added Pin To Net: NetName=NetR6_2 Pin=U3-1
Added Net: Name=NetR6_2
Added Net: Name=NetR10_1
Added Net: Name=NetU1_12
Added Net: Name=NetU1_23
Added Net: Name=NetU1_24
Added Net: Name=NetxBee_2
Added Net: Name=NetxBee_3
Added Pin To Net: NetName=PAUSE_CAPACITIVE Pin=C5-2
Added Pin To Net: NetName=PAUSE_CAPACITIVE Pin=P6-1
Added Net: Name=PAUSE_CAPACITIVE
Added Pin To Net: NetName=PAUSE_DIGITAL Pin=P5-2
Added Pin To Net: NetName=PAUSE_DIGITAL Pin=P6-3
Added Net: Name=PAUSE_DIGITAL
Added Pin To Net: NetName=PAUSE Pin=C4-2
Added Net: Name=PAUSE
Added Pin To Net: NetName=RESET Pin=C7-1
Added Pin To Net: NetName=RESET Pin=U4-29
Added Net: Name=RESET
Added Pin To Net: NetName=RX Pin=P7-4
Added Pin To Net: NetName=RX Pin=U4-30
Added Net: Name=RX
Added Pin To Net: NetName=S0 Pin=U4-32
Added Net: Name=S0
Added Pin To Net: NetName=S1 Pin=U4-1
Added Net: Name=S1
Added Pin To Net: NetName=S2 Pin=U4-2
Added Net: Name=S2
Added Pin To Net: NetName=S3 Pin=U4-9
Added Net: Name=S3
Added Pin To Net: NetName=SCK Pin=U4-17
Added Net: Name=SCK
Added Net: Name=T_CLK
Added Net: Name=T_CS
Added Net: Name=T_DIN
Added Net: Name=T_IRQ
Added Net: Name=T_OUT
Added Pin To Net: NetName=TX Pin=P7-5
Added Pin To Net: NetName=TX Pin=U4-31
Added Net: Name=TX
Added Pin To Net: NetName=VIN Pin=U5-3
Added Pin To Net: NetName=VIN Pin=U6-3
Added Pin To Net: NetName=VIN Pin=U8-3
Added Net: Name=VIN
Added Class: Name=Bluetooth
Added Class: Name=Core
Added Class: Name=IMU
Added Class: Name=Interface
Added Class: Name=LCD
Added Class: Name=Power Supply
Added Class: Name=Temperature
Added Class: Name=DB[0..15]
Added Room: Name=Bluetooth
Added Room: Name=IMU
Added Room: Name=Interface
Added Room: Name=Power Supply
Added Room: Name=Temperature
